companyAA
departure10397
date2018-01-02
time23:00

companyAA
departure10397
date2018-01-01
time23:00

companyAA
departure10141
date2018-02-09
time00:00

companyAA
departure10141
date2018-02-09
time00:00

companyAA
departure10397
date2018-02-09
time00:00

companyAA
departure10397
date2018-01-01
time00:00

companyAA
departure10397
date2018-02-09
time00:00

companyHA
departure10397
date2018-02-09
time00:00

companyHA
departure10397
date2018-02-09
time00:00

companyAA
departure10141.0
date2018-02-09
time00:00

companyAA
departure10397.0
date2018-02-09
time00:00

companyAA
departure10397.0
date2018-02-09
time00:00

companyAA
departure10397.0
date2018-02-09
time00:00

companyAA
departure10397.0
date2018-02-09
time00:00

companyAA
departure10397.0
date2018-02-09
time00:00

companyAA
departure10397.0
date2018-02-09
time00:00

companyAA
departure10397.0
date2018-02-09
time00:00

companyAA
departure10141.0
date2018-02-09
time00:00

companyDL
departure10141.0
date2018-02-09
time00:00

companyDL
departure10397.0
date2018-02-09
time00:00

companyDL
departure10397.0
date2018-02-09
time00:00

companyDL
departure10397.0
date2018-02-09
time00:00

companyDL
departure10397.0
date2018-02-09
time00:00

companyDL
departure10397.0
date2018-02-09
time00:00

companyDL
departure10397.0
date2018-02-09
time00:00

companyDL
departure10397.0
date2018-02-09
time00:00

companyDL
departure10397.0
date2018-02-09
time00:00

companyDL
departure10397.0
date2018-02-09
time00:00

companyDL
departure10397.0
date2018-02-09
time00:00

companyDL
departure10397.0
date2018-02-09
time00:00

companyDL
departure10397.0
date2018-02-09
time00:00

companyAA
departure10141
date2018-02-09
time00:00

companyAA
departure10136
date2018-02-09
time00:00

companyAA
departure10397
date2018-02-09
time00:00

companyAA
departure10141
date2018-02-09
time00:00

companyAA
departure10732
date2018-02-09
time00:00

companyAA
departure10397
date2018-02-09
time00:00

companyAA
departure10141
date2018-02-09
time00:00

companyAA
departure10397
date2018-02-09
time00:00

companyAA
departure10141
date2018-02-09
time00:00

companyAA
departure10397
date2018-02-09
time00:00

companyAA
departure10397
date2018-02-09
time00:00

companyAA
departure10397
date2018-02-09
time00:00

companyAA
departure10397
date2018-02-09
time00:00

companyAA
departure10397
date2018-02-09
time00:00

companyAA
departure10397
date2018-02-07
time00:00

companyAA
departure10397
date2018-02-07
time00:00

companyAA
departure10397
date2018-02-05
time00:00

companyAA
departure10397
date2018-02-01
time00:00

companyAA
departure10397
date2016-02-29
time00:00

companyAA
departure10397
date2016-02-28
time00:00

companyAA
departure10397
date2016-02-26
time00:00

companyAA
departure10397
date2016-02-07
time00:00

companyAA
departure10397
date2016-01-01
time00:00

companyAA
departure10397
date2015-12-31
time00:00

companyAA
departure10397
date2015-12-26
time00:00

companyAA
departure10397
date2015-12-25
time00:00

companyAA
departure10397
date2015-12-24
time00:00

companyAA
departure10397
date2015-12-24
time00:00

companyAA
departure10397
date2015-12-23
time00:00

companyAA
departure10397
date2015-12-21
time00:00

companyAA
departure10397
date2015-12-19
time00:00

companyAA
departure10397
date2015-12-16
time00:00

companyAA
departure10397
date2015-12-13
time00:00

companyAA
departure10397
date2015-12-13
time00:00

companyAA
departure10397
date2017-02-28
time10:00

companyAA
departure10397
date2017-02-02
time10:00

companyAA
departure10397
date2017-02-04
time10:00

companyAA
departure10397
date2017-02-06
time10:00

companyAA
departure10397
date2017-02-08
time10:00

companyAA
departure10397
date2017-02-11
time10:00

companyAA
departure10397
date2017-02-14
time10:00

companyAA
departure10397
date2018-02-15
time00:00

companyAA
departure10397
date2018-02-15
time23:00

companyAA
departure10397
date2018-02-15
time20:00

companyAA
departure10397
date2018-02-15
time17:00

companyAA
departure10397
date2018-02-15
time13:00

companyAA
departure10397
date2018-02-15
time09:00

companyAA
departure10397
date2018-02-15
time06:00

companyAA
departure10397
date2018-02-18
time06:00

companyAA
departure10397
date2018-02-21
time06:00

companyAA
departure10397
date2018-02-22
time06:00

companyAA
departure10397
date2018-02-22
time07:00

companyAA
departure10397
date2018-02-23
time07:00

companyAA
departure10397
date2018-02-23
time07:00

companyAA
departure10397
date2018-02-25
time07:00

companyAA
departure10397
date2018-02-27
time07:00

companyAA
departure10397
date2018-02-27
time07:00

companyAA
departure10397
date2018-02-27
time07:00

companyAA
departure10397
date2018-02-27
time07:00

companyAA
departure10397
date2018-02-28
time07:00

companyAA
departure10397
date2018-02-01
time07:00

companyAA
departure10397
date2018-03-01
time07:00

companyAA
departure10397
date2018-03-01
time07:00

companyAA
departure10397
date2018-12-01
time07:00

companyAA
departure10397
date2018-12-31
time07:00

companyAA
departure10397
date2018-12-31
time08:00
